app/build/intermediates/manifest_merge_blame_file/debug/processDebugMainManifest/manifest-merger-blame-debug-report.txt
1<?xml version="1.0" encoding="utf-8"?>
2<manifest xmlns:android="http://schemas.android.com/apk/res/android"
3    package="com.example.mediaconverter"
4    android:versionCode="1"
5    android:versionName="1.0" >
6
7    <uses-sdk
8        android:minSdkVersion="26"
9        android:targetSdkVersion="34" />
10
11    <uses-permission android:name="android.permission.INTERNET" />
11-->src\main\AndroidManifest.xml:6:5-67
11-->src\main\AndroidManifest.xml:6:22-64
12    <uses-permission android:name="android.permission.ACCESS_NETWORK_STATE" />
12-->src\main\AndroidManifest.xml:7:5-79
12-->src\main\AndroidManifest.xml:7:22-76
13    <uses-permission android:name="android.permission.READ_EXTERNAL_STORAGE" />
13-->src\main\AndroidManifest.xml:8:5-80
13-->src\main\AndroidManifest.xml:8:22-77
14    <uses-permission
14-->src\main\AndroidManifest.xml:9:5-10:38
15        android:name="android.permission.WRITE_EXTERNAL_STORAGE"
15-->src\main\AndroidManifest.xml:9:22-78
16        android:maxSdkVersion="28" />
16-->src\main\AndroidManifest.xml:10:9-35
17    <uses-permission android:name="android.permission.MANAGE_EXTERNAL_STORAGE" />
17-->src\main\AndroidManifest.xml:11:5-82
17-->src\main\AndroidManifest.xml:11:22-79
18    <uses-permission android:name="android.permission.READ_MEDIA_VIDEO" />
18-->src\main\AndroidManifest.xml:12:5-75
18-->src\main\AndroidManifest.xml:12:22-72
19    <uses-permission android:name="android.permission.READ_MEDIA_AUDIO" />
19-->src\main\AndroidManifest.xml:13:5-75
19-->src\main\AndroidManifest.xml:13:22-72
20    <uses-permission android:name="android.permission.READ_MEDIA_IMAGES" />
20-->src\main\AndroidManifest.xml:14:5-76
20-->src\main\AndroidManifest.xml:14:22-73
21    <uses-permission android:name="android.permission.FOREGROUND_SERVICE" />
21-->src\main\AndroidManifest.xml:15:5-77
21-->src\main\AndroidManifest.xml:15:22-74
22    <uses-permission android:name="android.permission.FOREGROUND_SERVICE_MEDIA_PROJECTION" />
22-->src\main\AndroidManifest.xml:16:5-94
22-->src\main\AndroidManifest.xml:16:22-91
23    <uses-permission android:name="android.permission.FOREGROUND_SERVICE_DATA_SYNC" />
23-->src\main\AndroidManifest.xml:17:5-87
23-->src\main\AndroidManifest.xml:17:22-84
24    <uses-permission android:name="android.permission.WAKE_LOCK" />
24-->src\main\AndroidManifest.xml:18:5-68
24-->src\main\AndroidManifest.xml:18:22-65
25    <uses-permission android:name="android.permission.POST_NOTIFICATIONS" />
25-->src\main\AndroidManifest.xml:19:5-77
25-->src\main\AndroidManifest.xml:19:22-74
26    <uses-permission android:name="android.permission.RECEIVE_BOOT_COMPLETED" />
26-->src\main\AndroidManifest.xml:20:5-81
26-->src\main\AndroidManifest.xml:20:22-78
27
28    <permission
28-->[androidx.core:core:1.13.0] AndroidManifest.xml:22:5-24:47
29        android:name="com.example.mediaconverter.DYNAMIC_RECEIVER_NOT_EXPORTED_PERMISSION"
29-->[androidx.core:core:1.13.0] AndroidManifest.xml:23:9-81
30        android:protectionLevel="signature" />
30-->[androidx.core:core:1.13.0] AndroidManifest.xml:24:9-44
31
32    <uses-permission android:name="com.example.mediaconverter.DYNAMIC_RECEIVER_NOT_EXPORTED_PERMISSION" />
32-->[androidx.core:core:1.13.0] AndroidManifest.xml:26:5-97
32-->[androidx.core:core:1.13.0] AndroidManifest.xml:26:22-94
33
34    <application
34-->src\main\AndroidManifest.xml:22:5-63:19
35        android:name="com.example.mediaconverter.MyApplication"
35-->src\main\AndroidManifest.xml:23:9-38
36        android:allowBackup="true"
36-->src\main\AndroidManifest.xml:24:9-35
37        android:appComponentFactory="androidx.core.app.CoreComponentFactory"
37-->[androidx.core:core:1.13.0] AndroidManifest.xml:28:18-86
38        android:dataExtractionRules="@xml/data_extraction_rules"
38-->src\main\AndroidManifest.xml:25:9-65
39        android:debuggable="true"
40        android:extractNativeLibs="true"
40-->src\main\AndroidManifest.xml:34:9-41
41        android:fullBackupContent="@xml/backup_rules"
41-->src\main\AndroidManifest.xml:26:9-54
42        android:icon="@drawable/app_icon"
42-->src\main\AndroidManifest.xml:27:9-42
43        android:label="@string/app_name"
43-->src\main\AndroidManifest.xml:28:9-41
44        android:requestLegacyExternalStorage="true"
44-->src\main\AndroidManifest.xml:33:9-52
45        android:roundIcon="@drawable/app_icon"
45-->src\main\AndroidManifest.xml:29:9-47
46        android:supportsRtl="true"
46-->src\main\AndroidManifest.xml:30:9-35
47        android:theme="@style/Theme.MediaConverter"
47-->src\main\AndroidManifest.xml:31:9-52
48        android:usesCleartextTraffic="true" >
48-->src\main\AndroidManifest.xml:32:9-44
49        <activity
49-->src\main\AndroidManifest.xml:35:9-53:20
50            android:name="com.example.mediaconverter.MainActivity"
50-->src\main\AndroidManifest.xml:36:13-41
51            android:configChanges="orientation|screenSize|uiMode"
51-->src\main\AndroidManifest.xml:40:13-66
52            android:exported="true"
52-->src\main\AndroidManifest.xml:37:13-36
53            android:launchMode="singleTop"
53-->src\main\AndroidManifest.xml:39:13-43
54            android:theme="@style/Theme.MediaConverter.NoActionBar"
54-->src\main\AndroidManifest.xml:38:13-68
55            android:windowSoftInputMode="adjustResize" >
55-->src\main\AndroidManifest.xml:41:13-55
56            <intent-filter>
56-->src\main\AndroidManifest.xml:42:13-45:29
57                <action android:name="android.intent.action.MAIN" />
57-->src\main\AndroidManifest.xml:43:17-69
57-->src\main\AndroidManifest.xml:43:25-66
58
59                <category android:name="android.intent.category.LAUNCHER" />
59-->src\main\AndroidManifest.xml:44:17-77
59-->src\main\AndroidManifest.xml:44:27-74
60            </intent-filter>
61            <intent-filter>
61-->src\main\AndroidManifest.xml:46:13-52:29
62                <action android:name="android.intent.action.VIEW" />
62-->src\main\AndroidManifest.xml:47:17-69
62-->src\main\AndroidManifest.xml:47:25-66
63
64                <category android:name="android.intent.category.DEFAULT" />
64-->src\main\AndroidManifest.xml:48:17-76
64-->src\main\AndroidManifest.xml:48:27-73
65                <category android:name="android.intent.category.BROWSABLE" />
65-->src\main\AndroidManifest.xml:49:17-78
65-->src\main\AndroidManifest.xml:49:27-75
66
67                <data android:scheme="http" />
67-->src\main\AndroidManifest.xml:50:17-47
67-->src\main\AndroidManifest.xml:50:23-44
68                <data android:scheme="https" />
68-->src\main\AndroidManifest.xml:50:17-47
68-->src\main\AndroidManifest.xml:50:23-44
69            </intent-filter>
70        </activity>
71
72        <service
72-->src\main\AndroidManifest.xml:55:9-58:34
73            android:name="androidx.work.impl.foreground.SystemForegroundService"
73-->src\main\AndroidManifest.xml:56:13-81
74            android:directBootAware="false"
74-->[androidx.work:work-runtime:2.9.0] AndroidManifest.xml:55:13-44
75            android:enabled="@bool/enable_system_foreground_service_default"
75-->[androidx.work:work-runtime:2.9.0] AndroidManifest.xml:56:13-77
76            android:exported="false"
76-->[androidx.work:work-runtime:2.9.0] AndroidManifest.xml:57:13-37
77            android:foregroundServiceType="dataSync" />
77-->src\main\AndroidManifest.xml:57:13-53
78
79        <meta-data
79-->src\main\AndroidManifest.xml:60:9-62:32
80            android:name="ffmpegkit.license.key"
80-->src\main\AndroidManifest.xml:61:13-49
81            android:value="" />
81-->src\main\AndroidManifest.xml:62:13-29
82
83        <provider
83-->[androidx.work:work-runtime:2.9.0] AndroidManifest.xml:29:9-37:20
84            android:name="androidx.startup.InitializationProvider"
84-->[androidx.work:work-runtime:2.9.0] AndroidManifest.xml:30:13-67
85            android:authorities="com.example.mediaconverter.androidx-startup"
85-->[androidx.work:work-runtime:2.9.0] AndroidManifest.xml:31:13-68
86            android:exported="false" >
86-->[androidx.work:work-runtime:2.9.0] AndroidManifest.xml:32:13-37
87            <meta-data
87-->[androidx.work:work-runtime:2.9.0] AndroidManifest.xml:34:13-36:52
88                android:name="androidx.work.WorkManagerInitializer"
88-->[androidx.work:work-runtime:2.9.0] AndroidManifest.xml:35:17-68
89                android:value="androidx.startup" />
89-->[androidx.work:work-runtime:2.9.0] AndroidManifest.xml:36:17-49
90            <meta-data
90-->[androidx.emoji2:emoji2:1.3.0] AndroidManifest.xml:29:13-31:52
91                android:name="androidx.emoji2.text.EmojiCompatInitializer"
91-->[androidx.emoji2:emoji2:1.3.0] AndroidManifest.xml:30:17-75
92                android:value="androidx.startup" />
92-->[androidx.emoji2:emoji2:1.3.0] AndroidManifest.xml:31:17-49
93            <meta-data
93-->[androidx.lifecycle:lifecycle-process:2.6.2] AndroidManifest.xml:29:13-31:52
94                android:name="androidx.lifecycle.ProcessLifecycleInitializer"
94-->[androidx.lifecycle:lifecycle-process:2.6.2] AndroidManifest.xml:30:17-78
95                android:value="androidx.startup" />
95-->[androidx.lifecycle:lifecycle-process:2.6.2] AndroidManifest.xml:31:17-49
96            <meta-data
96-->[androidx.profileinstaller:profileinstaller:1.3.1] AndroidManifest.xml:29:13-31:52
97                android:name="androidx.profileinstaller.ProfileInstallerInitializer"
97-->[androidx.profileinstaller:profileinstaller:1.3.1] AndroidManifest.xml:30:17-85
98                android:value="androidx.startup" />
98-->[androidx.profileinstaller:profileinstaller:1.3.1] AndroidManifest.xml:31:17-49
99        </provider>
100
101        <service
101-->[androidx.work:work-runtime:2.9.0] AndroidManifest.xml:39:9-45:35
102            android:name="androidx.work.impl.background.systemalarm.SystemAlarmService"
102-->[androidx.work:work-runtime:2.9.0] AndroidManifest.xml:40:13-88
103            android:directBootAware="false"
103-->[androidx.work:work-runtime:2.9.0] AndroidManifest.xml:41:13-44
104            android:enabled="@bool/enable_system_alarm_service_default"
104-->[androidx.work:work-runtime:2.9.0] AndroidManifest.xml:42:13-72
105            android:exported="false" />
105-->[androidx.work:work-runtime:2.9.0] AndroidManifest.xml:43:13-37
106        <service
106-->[androidx.work:work-runtime:2.9.0] AndroidManifest.xml:46:9-52:35
107            android:name="androidx.work.impl.background.systemjob.SystemJobService"
107-->[androidx.work:work-runtime:2.9.0] AndroidManifest.xml:47:13-84
108            android:directBootAware="false"
108-->[androidx.work:work-runtime:2.9.0] AndroidManifest.xml:48:13-44
109            android:enabled="@bool/enable_system_job_service_default"
109-->[androidx.work:work-runtime:2.9.0] AndroidManifest.xml:49:13-70
110            android:exported="true"
110-->[androidx.work:work-runtime:2.9.0] AndroidManifest.xml:50:13-36
111            android:permission="android.permission.BIND_JOB_SERVICE" />
111-->[androidx.work:work-runtime:2.9.0] AndroidManifest.xml:51:13-69
112
113        <receiver
113-->[androidx.work:work-runtime:2.9.0] AndroidManifest.xml:61:9-66:35
114            android:name="androidx.work.impl.utils.ForceStopRunnable$BroadcastReceiver"
114-->[androidx.work:work-runtime:2.9.0] AndroidManifest.xml:62:13-88
115            android:directBootAware="false"
115-->[androidx.work:work-runtime:2.9.0] AndroidManifest.xml:63:13-44
116            android:enabled="true"
116-->[androidx.work:work-runtime:2.9.0] AndroidManifest.xml:64:13-35
117            android:exported="false" />
117-->[androidx.work:work-runtime:2.9.0] AndroidManifest.xml:65:13-37
118        <receiver
118-->[androidx.work:work-runtime:2.9.0] AndroidManifest.xml:67:9-77:20
119            android:name="androidx.work.impl.background.systemalarm.ConstraintProxy$BatteryChargingProxy"
119-->[androidx.work:work-runtime:2.9.0] AndroidManifest.xml:68:13-106
120            android:directBootAware="false"
120-->[androidx.work:work-runtime:2.9.0] AndroidManifest.xml:69:13-44
121            android:enabled="false"
121-->[androidx.work:work-runtime:2.9.0] AndroidManifest.xml:70:13-36
122            android:exported="false" >
122-->[androidx.work:work-runtime:2.9.0] AndroidManifest.xml:71:13-37
123            <intent-filter>
123-->[androidx.work:work-runtime:2.9.0] AndroidManifest.xml:73:13-76:29
124                <action android:name="android.intent.action.ACTION_POWER_CONNECTED" />
124-->[androidx.work:work-runtime:2.9.0] AndroidManifest.xml:74:17-87
124-->[androidx.work:work-runtime:2.9.0] AndroidManifest.xml:74:25-84
125                <action android:name="android.intent.action.ACTION_POWER_DISCONNECTED" />
125-->[androidx.work:work-runtime:2.9.0] AndroidManifest.xml:75:17-90
125-->[androidx.work:work-runtime:2.9.0] AndroidManifest.xml:75:25-87
126            </intent-filter>
127        </receiver>
128        <receiver
128-->[androidx.work:work-runtime:2.9.0] AndroidManifest.xml:78:9-88:20
129            android:name="androidx.work.impl.background.systemalarm.ConstraintProxy$BatteryNotLowProxy"
129-->[androidx.work:work-runtime:2.9.0] AndroidManifest.xml:79:13-104
130            android:directBootAware="false"
130-->[androidx.work:work-runtime:2.9.0] AndroidManifest.xml:80:13-44
131            android:enabled="false"
131-->[androidx.work:work-runtime:2.9.0] AndroidManifest.xml:81:13-36
132            android:exported="false" >
132-->[androidx.work:work-runtime:2.9.0] AndroidManifest.xml:82:13-37
133            <intent-filter>
133-->[androidx.work:work-runtime:2.9.0] AndroidManifest.xml:84:13-87:29
134                <action android:name="android.intent.action.BATTERY_OKAY" />
134-->[androidx.work:work-runtime:2.9.0] AndroidManifest.xml:85:17-77
134-->[androidx.work:work-runtime:2.9.0] AndroidManifest.xml:85:25-74
135                <action android:name="android.intent.action.BATTERY_LOW" />
135-->[androidx.work:work-runtime:2.9.0] AndroidManifest.xml:86:17-76
135-->[androidx.work:work-runtime:2.9.0] AndroidManifest.xml:86:25-73
136            </intent-filter>
137        </receiver>
138        <receiver
138-->[androidx.work:work-runtime:2.9.0] AndroidManifest.xml:89:9-99:20
139            android:name="androidx.work.impl.background.systemalarm.ConstraintProxy$StorageNotLowProxy"
139-->[androidx.work:work-runtime:2.9.0] AndroidManifest.xml:90:13-104
140            android:directBootAware="false"
140-->[androidx.work:work-runtime:2.9.0] AndroidManifest.xml:91:13-44
141            android:enabled="false"
141-->[androidx.work:work-runtime:2.9.0] AndroidManifest.xml:92:13-36
142            android:exported="false" >
142-->[androidx.work:work-runtime:2.9.0] AndroidManifest.xml:93:13-37
143            <intent-filter>
143-->[androidx.work:work-runtime:2.9.0] AndroidManifest.xml:95:13-98:29
144                <action android:name="android.intent.action.DEVICE_STORAGE_LOW" />
144-->[androidx.work:work-runtime:2.9.0] AndroidManifest.xml:96:17-83
144-->[androidx.work:work-runtime:2.9.0] AndroidManifest.xml:96:25-80
145                <action android:name="android.intent.action.DEVICE_STORAGE_OK" />
145-->[androidx.work:work-runtime:2.9.0] AndroidManifest.xml:97:17-82
145-->[androidx.work:work-runtime:2.9.0] AndroidManifest.xml:97:25-79
146            </intent-filter>
147        </receiver>
148        <receiver
148-->[androidx.work:work-runtime:2.9.0] AndroidManifest.xml:100:9-109:20
149            android:name="androidx.work.impl.background.systemalarm.ConstraintProxy$NetworkStateProxy"
149-->[androidx.work:work-runtime:2.9.0] AndroidManifest.xml:101:13-103
150            android:directBootAware="false"
150-->[androidx.work:work-runtime:2.9.0] AndroidManifest.xml:102:13-44
151            android:enabled="false"
151-->[androidx.work:work-runtime:2.9.0] AndroidManifest.xml:103:13-36
152            android:exported="false" >
152-->[androidx.work:work-runtime:2.9.0] AndroidManifest.xml:104:13-37
153            <intent-filter>
153-->[androidx.work:work-runtime:2.9.0] AndroidManifest.xml:106:13-108:29
154                <action android:name="android.net.conn.CONNECTIVITY_CHANGE" />
154-->[androidx.work:work-runtime:2.9.0] AndroidManifest.xml:107:17-79
154-->[androidx.work:work-runtime:2.9.0] AndroidManifest.xml:107:25-76
155            </intent-filter>
156        </receiver>
157        <receiver
157-->[androidx.work:work-runtime:2.9.0] AndroidManifest.xml:110:9-121:20
158            android:name="androidx.work.impl.background.systemalarm.RescheduleReceiver"
158-->[androidx.work:work-runtime:2.9.0] AndroidManifest.xml:111:13-88
159            android:directBootAware="false"
159-->[androidx.work:work-runtime:2.9.0] AndroidManifest.xml:112:13-44
160            android:enabled="false"
160-->[androidx.work:work-runtime:2.9.0] AndroidManifest.xml:113:13-36
161            android:exported="false" >
161-->[androidx.work:work-runtime:2.9.0] AndroidManifest.xml:114:13-37
162            <intent-filter>
162-->[androidx.work:work-runtime:2.9.0] AndroidManifest.xml:116:13-120:29
163                <action android:name="android.intent.action.BOOT_COMPLETED" />
163-->[androidx.work:work-runtime:2.9.0] AndroidManifest.xml:117:17-79
163-->[androidx.work:work-runtime:2.9.0] AndroidManifest.xml:117:25-76
164                <action android:name="android.intent.action.TIME_SET" />
164-->[androidx.work:work-runtime:2.9.0] AndroidManifest.xml:118:17-73
164-->[androidx.work:work-runtime:2.9.0] AndroidManifest.xml:118:25-70
165                <action android:name="android.intent.action.TIMEZONE_CHANGED" />
165-->[androidx.work:work-runtime:2.9.0] AndroidManifest.xml:119:17-81
165-->[androidx.work:work-runtime:2.9.0] AndroidManifest.xml:119:25-78
166            </intent-filter>
167        </receiver>
168        <receiver
168-->[androidx.work:work-runtime:2.9.0] AndroidManifest.xml:122:9-131:20
169            android:name="androidx.work.impl.background.systemalarm.ConstraintProxyUpdateReceiver"
169-->[androidx.work:work-runtime:2.9.0] AndroidManifest.xml:123:13-99
170            android:directBootAware="false"
170-->[androidx.work:work-runtime:2.9.0] AndroidManifest.xml:124:13-44
171            android:enabled="@bool/enable_system_alarm_service_default"
171-->[androidx.work:work-runtime:2.9.0] AndroidManifest.xml:125:13-72
172            android:exported="false" >
172-->[androidx.work:work-runtime:2.9.0] AndroidManifest.xml:126:13-37
173            <intent-filter>
173-->[androidx.work:work-runtime:2.9.0] AndroidManifest.xml:128:13-130:29
174                <action android:name="androidx.work.impl.background.systemalarm.UpdateProxies" />
174-->[androidx.work:work-runtime:2.9.0] AndroidManifest.xml:129:17-98
174-->[androidx.work:work-runtime:2.9.0] AndroidManifest.xml:129:25-95
175            </intent-filter>
176        </receiver>
177        <receiver
177-->[androidx.work:work-runtime:2.9.0] AndroidManifest.xml:132:9-142:20
178            android:name="androidx.work.impl.diagnostics.DiagnosticsReceiver"
178-->[androidx.work:work-runtime:2.9.0] AndroidManifest.xml:133:13-78
179            android:directBootAware="false"
179-->[androidx.work:work-runtime:2.9.0] AndroidManifest.xml:134:13-44
180            android:enabled="true"
180-->[androidx.work:work-runtime:2.9.0] AndroidManifest.xml:135:13-35
181            android:exported="true"
181-->[androidx.work:work-runtime:2.9.0] AndroidManifest.xml:136:13-36
182            android:permission="android.permission.DUMP" >
182-->[androidx.work:work-runtime:2.9.0] AndroidManifest.xml:137:13-57
183            <intent-filter>
183-->[androidx.work:work-runtime:2.9.0] AndroidManifest.xml:139:13-141:29
184                <action android:name="androidx.work.diagnostics.REQUEST_DIAGNOSTICS" />
184-->[androidx.work:work-runtime:2.9.0] AndroidManifest.xml:140:17-88
184-->[androidx.work:work-runtime:2.9.0] AndroidManifest.xml:140:25-85
185            </intent-filter>
186        </receiver>
187
188        <activity
188-->[androidx.compose.ui:ui-test-manifest:1.6.0] AndroidManifest.xml:23:9-25:39
189            android:name="androidx.activity.ComponentActivity"
189-->[androidx.compose.ui:ui-test-manifest:1.6.0] AndroidManifest.xml:24:13-63
190            android:exported="true" />
190-->[androidx.compose.ui:ui-test-manifest:1.6.0] AndroidManifest.xml:25:13-36
191        <activity
191-->[androidx.compose.ui:ui-tooling-android:1.6.0] AndroidManifest.xml:23:9-25:39
192            android:name="androidx.compose.ui.tooling.PreviewActivity"
192-->[androidx.compose.ui:ui-tooling-android:1.6.0] AndroidManifest.xml:24:13-71
193            android:exported="true" />
193-->[androidx.compose.ui:ui-tooling-android:1.6.0] AndroidManifest.xml:25:13-36
194
195        <service
195-->[androidx.room:room-runtime:2.5.2] AndroidManifest.xml:24:9-28:63
196            android:name="androidx.room.MultiInstanceInvalidationService"
196-->[androidx.room:room-runtime:2.5.2] AndroidManifest.xml:25:13-74
197            android:directBootAware="true"
197-->[androidx.room:room-runtime:2.5.2] AndroidManifest.xml:26:13-43
198            android:exported="false" />
198-->[androidx.room:room-runtime:2.5.2] AndroidManifest.xml:27:13-37
199
200        <receiver
200-->[androidx.profileinstaller:profileinstaller:1.3.1] AndroidManifest.xml:34:9-52:20
201            android:name="androidx.profileinstaller.ProfileInstallReceiver"
201-->[androidx.profileinstaller:profileinstaller:1.3.1] AndroidManifest.xml:35:13-76
202            android:directBootAware="false"
202-->[androidx.profileinstaller:profileinstaller:1.3.1] AndroidManifest.xml:36:13-44
203            android:enabled="true"
203-->[androidx.profileinstaller:profileinstaller:1.3.1] AndroidManifest.xml:37:13-35
204            android:exported="true"
204-->[androidx.profileinstaller:profileinstaller:1.3.1] AndroidManifest.xml:38:13-36
205            android:permission="android.permission.DUMP" >
205-->[androidx.profileinstaller:profileinstaller:1.3.1] AndroidManifest.xml:39:13-57
206            <intent-filter>
206-->[androidx.profileinstaller:profileinstaller:1.3.1] AndroidManifest.xml:40:13-42:29
207                <action android:name="androidx.profileinstaller.action.INSTALL_PROFILE" />
207-->[androidx.profileinstaller:profileinstaller:1.3.1] AndroidManifest.xml:41:17-91
207-->[androidx.profileinstaller:profileinstaller:1.3.1] AndroidManifest.xml:41:25-88
208            </intent-filter>
209            <intent-filter>
209-->[androidx.profileinstaller:profileinstaller:1.3.1] AndroidManifest.xml:43:13-45:29
210                <action android:name="androidx.profileinstaller.action.SKIP_FILE" />
210-->[androidx.profileinstaller:profileinstaller:1.3.1] AndroidManifest.xml:44:17-85
210-->[androidx.profileinstaller:profileinstaller:1.3.1] AndroidManifest.xml:44:25-82
211            </intent-filter>
212            <intent-filter>
212-->[androidx.profileinstaller:profileinstaller:1.3.1] AndroidManifest.xml:46:13-48:29
213                <action android:name="androidx.profileinstaller.action.SAVE_PROFILE" />
213-->[androidx.profileinstaller:profileinstaller:1.3.1] AndroidManifest.xml:47:17-88
213-->[androidx.profileinstaller:profileinstaller:1.3.1] AndroidManifest.xml:47:25-85
214            </intent-filter>
215            <intent-filter>
215-->[androidx.profileinstaller:profileinstaller:1.3.1] AndroidManifest.xml:49:13-51:29
216                <action android:name="androidx.profileinstaller.action.BENCHMARK_OPERATION" />
216-->[androidx.profileinstaller:profileinstaller:1.3.1] AndroidManifest.xml:50:17-95
216-->[androidx.profileinstaller:profileinstaller:1.3.1] AndroidManifest.xml:50:25-92
217            </intent-filter>
218        </receiver>
219    </application>
220
221</manifest>